Arguments: 
  C:\Program Files\nodejs\node.exe C:\Users\HP\AppData\Roaming\npm\node_modules\yarn\bin\yarn.js add ethers

PATH: 
  C:\ProgramData\Oracle\Java\javapath;C:\WINDOWS\system32;C:\WINDOWS;C:\WINDOWS\System32\Wbem;C:\WINDOWS\System32\WindowsPowerShell\v1.0\;C:\WINDOWS\System32\OpenSSH\;C:\MinGW\bin;C:\Program Files\MySQL\MySQL Server 8.0\bin;C:\Program Files\nodejs\;C:\Program Files\Git\cmd;C:\Program Files\Git\bin;C:\ProgramData\chocolatey\bin;D:\iverilog\bin;D:\iverilog\gtkwave\bin;C:\Program Files (x86)\Avogadro\bin;C:\Users\HP\.cargo\bin;C:\Users\HP\AppData\Local\Programs\Python\Python311\Scripts\;C:\Users\HP\AppData\Local\Programs\Python\Python311\;C:\Users\HP\AppData\Local\Microsoft\WindowsApps;C:\Users\HP\AppData\Roaming\npm;C:\Users\HP\AppData\Local\Programs\Microsoft VS Code\bin;C:\Program Files\JetBrains\IntelliJ IDEA Community Edition 2023.1.2\bin;;

Yarn version: 
  1.22.19

Node version: 
  18.15.0

Platform: 
  win32 x64

Trace: 
  Error: EPERM: operation not permitted, unlink 'D:\projects\gdrive\node_modules\keccak\prebuilds\win32-x64\node.napi.node'

npm manifest: 
  {
    "name": "hardhat-project",
    "dependencies": {
      "create-react-app": "^5.0.1",
      "ethers": "^6.9.0"
    },
    "devDependencies": {
      "@nomicfoundation/hardhat-toolbox": "^3.0.0",
      "hardhat": "^2.19.0"
    }
  }

yarn manifest: 
  No manifest

Lockfile: 
  No lockfile
